controller2_mobile_app/build/app/intermediates/manifest_merge_blame_file/debug/manifest-merger-blame-debug-report.txt
1<?xml version="1.0" encoding="utf-8"?>
2<manifest xmlns:android="http://schemas.android.com/apk/res/android"
3    package="com.thclab.dkms_demo"
4    android:versionCode="1"
5    android:versionName="1.0.0" >
6
7    <uses-sdk
8        android:minSdkVersion="23"
9        android:targetSdkVersion="31" />
10    <!--
11         Flutter needs it to communicate with the running application
12         to allow setting breakpoints, to provide hot reload, etc.
13    -->
14    <uses-permission android:name="android.permission.INTERNET" />
14-->src\debug\AndroidManifest.xml:6:5-66
14-->src\debug\AndroidManifest.xml:6:22-64
15    <uses-permission android:name="android.permission.CAMERA" /> <!-- Don't require camera, as this requires a rear camera. This allows it to work on the Nexus 7 -->
15-->[com.journeyapps:zxing-android-embedded:4.3.0] AndroidManifest.xml:22:5-65
15-->[com.journeyapps:zxing-android-embedded:4.3.0] AndroidManifest.xml:22:22-62
16    <uses-feature
16-->[com.journeyapps:zxing-android-embedded:4.3.0] AndroidManifest.xml:25:5-27:36
17        android:name="android.hardware.camera"
17-->[com.journeyapps:zxing-android-embedded:4.3.0] AndroidManifest.xml:26:9-47
18        android:required="false" />
18-->[com.journeyapps:zxing-android-embedded:4.3.0] AndroidManifest.xml:27:9-33
19    <uses-feature
19-->[com.journeyapps:zxing-android-embedded:4.3.0] AndroidManifest.xml:28:5-30:36
20        android:name="android.hardware.camera.front"
20-->[com.journeyapps:zxing-android-embedded:4.3.0] AndroidManifest.xml:29:9-53
21        android:required="false" /> <!-- TODO replace above two with next line after Android 4.2 -->
21-->[com.journeyapps:zxing-android-embedded:4.3.0] AndroidManifest.xml:30:9-33
22    <!-- <uses-feature android:name="android.hardware.camera.any"/> -->
23    <uses-feature
23-->[com.journeyapps:zxing-android-embedded:4.3.0] AndroidManifest.xml:33:5-35:36
24        android:name="android.hardware.camera.autofocus"
24-->[com.journeyapps:zxing-android-embedded:4.3.0] AndroidManifest.xml:34:9-57
25        android:required="false" />
25-->[com.journeyapps:zxing-android-embedded:4.3.0] AndroidManifest.xml:35:9-33
26    <uses-feature
26-->[com.journeyapps:zxing-android-embedded:4.3.0] AndroidManifest.xml:36:5-38:36
27        android:name="android.hardware.camera.flash"
27-->[com.journeyapps:zxing-android-embedded:4.3.0] AndroidManifest.xml:37:9-53
28        android:required="false" />
28-->[com.journeyapps:zxing-android-embedded:4.3.0] AndroidManifest.xml:38:9-33
29    <uses-feature
29-->[com.journeyapps:zxing-android-embedded:4.3.0] AndroidManifest.xml:39:5-41:36
30        android:name="android.hardware.screen.landscape"
30-->[com.journeyapps:zxing-android-embedded:4.3.0] AndroidManifest.xml:40:9-57
31        android:required="false" />
31-->[com.journeyapps:zxing-android-embedded:4.3.0] AndroidManifest.xml:41:9-33
32    <uses-feature
32-->[com.journeyapps:zxing-android-embedded:4.3.0] AndroidManifest.xml:42:5-44:36
33        android:name="android.hardware.wifi"
33-->[com.journeyapps:zxing-android-embedded:4.3.0] AndroidManifest.xml:43:9-45
34        android:required="false" />
34-->[com.journeyapps:zxing-android-embedded:4.3.0] AndroidManifest.xml:44:9-33
35
36    <application
37        android:name="android.app.Application"
38        android:appComponentFactory="androidx.core.app.CoreComponentFactory"
38-->[androidx.core:core:1.7.0] AndroidManifest.xml:24:18-86
39        android:debuggable="true"
40        android:extractNativeLibs="false"
41        android:icon="@mipmap/ic_launcher"
42        android:label="dkms_demo" >
43        <activity
44            android:name="com.thclab.dkms_demo.MainActivity"
45            android:configChanges="orientation|keyboardHidden|keyboard|screenSize|smallestScreenSize|locale|layoutDirection|fontScale|screenLayout|density|uiMode"
46            android:exported="true"
47            android:hardwareAccelerated="true"
48            android:launchMode="singleTop"
49            android:theme="@style/LaunchTheme"
50            android:windowSoftInputMode="adjustResize" >
51
52            <!--
53                 Specifies an Android theme to apply to this Activity as soon as
54                 the Android process has started. This theme is visible to the user
55                 while the Flutter UI initializes. After that, this theme continues
56                 to determine the Window background behind the Flutter UI.
57            -->
58            <meta-data
59                android:name="io.flutter.embedding.android.NormalTheme"
60                android:resource="@style/NormalTheme" />
61
62            <intent-filter>
63                <action android:name="android.intent.action.MAIN" />
64
65                <category android:name="android.intent.category.LAUNCHER" />
66            </intent-filter>
67        </activity>
68        <!--
69             Don't delete the meta-data below.
70             This is used by the Flutter tool to generate GeneratedPluginRegistrant.java
71        -->
72        <meta-data
73            android:name="flutterEmbedding"
74            android:value="2" />
75
76        <uses-library
76-->[androidx.window:window:1.0.0-beta04] AndroidManifest.xml:25:9-27:40
77            android:name="androidx.window.extensions"
77-->[androidx.window:window:1.0.0-beta04] AndroidManifest.xml:26:13-54
78            android:required="false" />
78-->[androidx.window:window:1.0.0-beta04] AndroidManifest.xml:27:13-37
79        <uses-library
79-->[androidx.window:window:1.0.0-beta04] AndroidManifest.xml:28:9-30:40
80            android:name="androidx.window.sidecar"
80-->[androidx.window:window:1.0.0-beta04] AndroidManifest.xml:29:13-51
81            android:required="false" />
81-->[androidx.window:window:1.0.0-beta04] AndroidManifest.xml:30:13-37
82
83        <provider
83-->[androidx.emoji2:emoji2:1.0.0] AndroidManifest.xml:26:9-34:20
84            android:name="androidx.startup.InitializationProvider"
84-->[androidx.emoji2:emoji2:1.0.0] AndroidManifest.xml:27:13-67
85            android:authorities="com.thclab.dkms_demo.androidx-startup"
85-->[androidx.emoji2:emoji2:1.0.0] AndroidManifest.xml:28:13-68
86            android:exported="false" >
86-->[androidx.emoji2:emoji2:1.0.0] AndroidManifest.xml:29:13-37
87            <meta-data
87-->[androidx.emoji2:emoji2:1.0.0] AndroidManifest.xml:31:13-33:52
88                android:name="androidx.emoji2.text.EmojiCompatInitializer"
88-->[androidx.emoji2:emoji2:1.0.0] AndroidManifest.xml:32:17-75
89                android:value="androidx.startup" />
89-->[androidx.emoji2:emoji2:1.0.0] AndroidManifest.xml:33:17-49
90            <meta-data
90-->[androidx.lifecycle:lifecycle-process:2.4.0] AndroidManifest.xml:31:13-33:52
91                android:name="androidx.lifecycle.ProcessLifecycleInitializer"
91-->[androidx.lifecycle:lifecycle-process:2.4.0] AndroidManifest.xml:32:17-78
92                android:value="androidx.startup" />
92-->[androidx.lifecycle:lifecycle-process:2.4.0] AndroidManifest.xml:33:17-49
93        </provider>
94
95        <activity
95-->[com.journeyapps:zxing-android-embedded:4.3.0] AndroidManifest.xml:47:9-53:63
96            android:name="com.journeyapps.barcodescanner.CaptureActivity"
96-->[com.journeyapps:zxing-android-embedded:4.3.0] AndroidManifest.xml:48:13-74
97            android:clearTaskOnLaunch="true"
97-->[com.journeyapps:zxing-android-embedded:4.3.0] AndroidManifest.xml:49:13-45
98            android:screenOrientation="sensorLandscape"
98-->[com.journeyapps:zxing-android-embedded:4.3.0] AndroidManifest.xml:50:13-56
99            android:stateNotNeeded="true"
99-->[com.journeyapps:zxing-android-embedded:4.3.0] AndroidManifest.xml:51:13-42
100            android:theme="@style/zxing_CaptureTheme"
100-->[com.journeyapps:zxing-android-embedded:4.3.0] AndroidManifest.xml:52:13-54
101            android:windowSoftInputMode="stateAlwaysHidden" />
101-->[com.journeyapps:zxing-android-embedded:4.3.0] AndroidManifest.xml:53:13-60
102    </application>
103
104</manifest>